2022-11-07 00:29:45.800  INFO 34576 --- [restartedMain] o.s.b.w.embedded.tomcat.TomcatWebServer  : Tomcat initialized with port(s): 8080 (http)
2022-11-07 00:29:45.812  INFO 34576 --- [restartedMain] o.apache.catalina.core.StandardService   : Starting service [Tomcat]
2022-11-07 00:29:45.812  INFO 34576 --- [restartedMain] org.apache.catalina.core.StandardEngine  : Starting Servlet engine: [Apache Tomcat/9.0.41]
2022-11-07 00:29:45.903  INFO 34576 --- [restartedMain] o.a.c.c.C.[Tomcat].[localhost].[/]       : Initializing Spring embedded WebApplicationContext
2022-11-07 00:29:45.904  INFO 34576 --- [restartedMain] w.s.c.ServletWebServerApplicationContext : Root WebApplicationContext: initialization completed in 1099 ms
2022-11-07 00:29:46.510  INFO 34576 --- [restartedMain] o.s.s.concurrent.ThreadPoolTaskExecutor  : Initializing ExecutorService 'applicationTaskExecutor'
2022-11-07 00:29:46.560  INFO 34576 --- [restartedMain] o.s.b.a.w.s.WelcomePageHandlerMapping    : Adding welcome page template: index
2022-11-07 00:29:46.649  INFO 34576 --- [restartedMain] o.s.s.c.ThreadPoolTaskScheduler          : Initializing ExecutorService 'taskScheduler'
2022-11-07 00:29:46.749  INFO 34576 --- [restartedMain] o.s.b.d.a.OptionalLiveReloadServer       : LiveReload server is running on port 35729
2022-11-07 00:29:46.810  INFO 34576 --- [restartedMain] o.s.b.w.embedded.tomcat.TomcatWebServer  : Tomcat started on port(s): 8080 (http) with context path ''
2022-11-07 00:29:46.824  INFO 34576 --- [restartedMain] c.y.c.m.MyCommunityApplication           : Started MyCommunityApplication in 2.355 seconds (JVM running for 3.104)
2022-11-07 00:29:46.850  INFO 34576 --- [scheduling-1] com.zaxxer.hikari.HikariDataSource       : HikariPool-1 - Starting...
2022-11-07 00:29:47.136  INFO 34576 --- [scheduling-1] com.zaxxer.hikari.HikariDataSource       : HikariPool-1 - Start completed.
2022-11-07 00:29:52.603  INFO 34576 --- [http-nio-8080-exec-1] o.a.c.c.C.[Tomcat].[localhost].[/]       : Initializing Spring DispatcherServlet 'dispatcherServlet'
2022-11-07 00:29:52.604  INFO 34576 --- [http-nio-8080-exec-1] o.s.web.servlet.DispatcherServlet        : Initializing Servlet 'dispatcherServlet'
2022-11-07 00:29:52.612  INFO 34576 --- [http-nio-8080-exec-1] o.s.web.servlet.DispatcherServlet        : Completed initialization in 8 ms
2022-11-07 00:31:37.063  INFO 52892 --- [restartedMain] c.y.c.m.MyCommunityApplication           : Starting MyCommunityApplication on LAPTOP-N7A9SVGH with PID 52892 (D:\myfile\Java\MyCommunity\target\classes started by yyw in D:\myfile\Java\MyCommunity)
2022-11-07 00:31:37.067  INFO 52892 --- [restartedMain] c.y.c.m.MyCommunityApplication           : No active profile set, falling back to default profiles: default
2022-11-07 00:31:37.121  INFO 52892 --- [restartedMain] .e.DevToolsPropertyDefaultsPostProcessor : Devtools property defaults active! Set 'spring.devtools.add-properties' to 'false' to disable
2022-11-07 00:31:37.121  INFO 52892 --- [restartedMain] .e.DevToolsPropertyDefaultsPostProcessor : For additional web related logging consider setting the 'logging.level.web' property to 'DEBUG'
2022-11-07 00:31:38.080  INFO 52892 --- [restartedMain] o.s.b.w.embedded.tomcat.TomcatWebServer  : Tomcat initialized with port(s): 8080 (http)
2022-11-07 00:31:38.087  INFO 52892 --- [restartedMain] o.apache.catalina.core.StandardService   : Starting service [Tomcat]
2022-11-07 00:31:38.087  INFO 52892 --- [restartedMain] org.apache.catalina.core.StandardEngine  : Starting Servlet engine: [Apache Tomcat/9.0.41]
2022-11-07 00:31:38.177  INFO 52892 --- [restartedMain] o.a.c.c.C.[Tomcat].[localhost].[/]       : Initializing Spring embedded WebApplicationContext
2022-11-07 00:31:38.177  INFO 52892 --- [restartedMain] w.s.c.ServletWebServerApplicationContext : Root WebApplicationContext: initialization completed in 1055 ms
2022-11-07 00:31:38.774  INFO 52892 --- [restartedMain] o.s.s.concurrent.ThreadPoolTaskExecutor  : Initializing ExecutorService 'applicationTaskExecutor'
2022-11-07 00:31:38.839  INFO 52892 --- [restartedMain] o.s.b.a.w.s.WelcomePageHandlerMapping    : Adding welcome page template: index
2022-11-07 00:31:38.932  INFO 52892 --- [restartedMain] o.s.s.c.ThreadPoolTaskScheduler          : Initializing ExecutorService 'taskScheduler'
2022-11-07 00:31:39.031  INFO 52892 --- [restartedMain] o.s.b.d.a.OptionalLiveReloadServer       : LiveReload server is running on port 35729
2022-11-07 00:31:39.089  INFO 52892 --- [restartedMain] o.s.b.w.embedded.tomcat.TomcatWebServer  : Tomcat started on port(s): 8080 (http) with context path ''
2022-11-07 00:31:39.100  INFO 52892 --- [restartedMain] c.y.c.m.MyCommunityApplication           : Started MyCommunityApplication in 2.415 seconds (JVM running for 3.318)
2022-11-07 00:31:39.119  INFO 52892 --- [scheduling-1] com.zaxxer.hikari.HikariDataSource       : HikariPool-1 - Starting...
2022-11-07 00:31:39.410  INFO 52892 --- [scheduling-1] com.zaxxer.hikari.HikariDataSource       : HikariPool-1 - Start completed.
2022-11-07 00:31:44.790  INFO 52892 --- [http-nio-8080-exec-1] o.a.c.c.C.[Tomcat].[localhost].[/]       : Initializing Spring DispatcherServlet 'dispatcherServlet'
2022-11-07 00:31:44.790  INFO 52892 --- [http-nio-8080-exec-1] o.s.web.servlet.DispatcherServlet        : Initializing Servlet 'dispatcherServlet'
2022-11-07 00:31:44.800  INFO 52892 --- [http-nio-8080-exec-1] o.s.web.servlet.DispatcherServlet        : Completed initialization in 10 ms
2022-11-07 00:32:31.655  INFO 53016 --- [restartedMain] c.y.c.m.MyCommunityApplication           : Starting MyCommunityApplication on LAPTOP-N7A9SVGH with PID 53016 (D:\myfile\Java\MyCommunity\target\classes started by yyw in D:\myfile\Java\MyCommunity)
2022-11-07 00:32:31.659  INFO 53016 --- [restartedMain] c.y.c.m.MyCommunityApplication           : No active profile set, falling back to default profiles: default
2022-11-07 00:32:31.720  INFO 53016 --- [restartedMain] .e.DevToolsPropertyDefaultsPostProcessor : Devtools property defaults active! Set 'spring.devtools.add-properties' to 'false' to disable
2022-11-07 00:32:31.721  INFO 53016 --- [restartedMain] .e.DevToolsPropertyDefaultsPostProcessor : For additional web related logging consider setting the 'logging.level.web' property to 'DEBUG'
2022-11-07 00:32:32.632  INFO 53016 --- [restartedMain] o.s.b.w.embedded.tomcat.TomcatWebServer  : Tomcat initialized with port(s): 8080 (http)
2022-11-07 00:32:32.639  INFO 53016 --- [restartedMain] o.apache.catalina.core.StandardService   : Starting service [Tomcat]
2022-11-07 00:32:32.639  INFO 53016 --- [restartedMain] org.apache.catalina.core.StandardEngine  : Starting Servlet engine: [Apache Tomcat/9.0.41]
2022-11-07 00:32:32.724  INFO 53016 --- [restartedMain] o.a.c.c.C.[Tomcat].[localhost].[/]       : Initializing Spring embedded WebApplicationContext
2022-11-07 00:32:32.724  INFO 53016 --- [restartedMain] w.s.c.ServletWebServerApplicationContext : Root WebApplicationContext: initialization completed in 1003 ms
2022-11-07 00:32:33.340  INFO 53016 --- [restartedMain] o.s.s.concurrent.ThreadPoolTaskExecutor  : Initializing ExecutorService 'applicationTaskExecutor'
2022-11-07 00:32:33.401  INFO 53016 --- [restartedMain] o.s.b.a.w.s.WelcomePageHandlerMapping    : Adding welcome page template: index
2022-11-07 00:32:33.512  INFO 53016 --- [restartedMain] o.s.s.c.ThreadPoolTaskScheduler          : Initializing ExecutorService 'taskScheduler'
2022-11-07 00:32:33.624  INFO 53016 --- [restartedMain] o.s.b.d.a.OptionalLiveReloadServer       : LiveReload server is running on port 35729
2022-11-07 00:32:33.690  INFO 53016 --- [restartedMain] o.s.b.w.embedded.tomcat.TomcatWebServer  : Tomcat started on port(s): 8080 (http) with context path ''
2022-11-07 00:32:33.702  INFO 53016 --- [restartedMain] c.y.c.m.MyCommunityApplication           : Started MyCommunityApplication in 2.412 seconds (JVM running for 3.387)
2022-11-07 00:32:33.724  INFO 53016 --- [scheduling-1] com.zaxxer.hikari.HikariDataSource       : HikariPool-1 - Starting...
2022-11-07 00:32:34.024  INFO 53016 --- [scheduling-1] com.zaxxer.hikari.HikariDataSource       : HikariPool-1 - Start completed.
2022-11-07 00:32:34.742  INFO 53016 --- [http-nio-8080-exec-1] o.a.c.c.C.[Tomcat].[localhost].[/]       : Initializing Spring DispatcherServlet 'dispatcherServlet'
2022-11-07 00:32:34.742  INFO 53016 --- [http-nio-8080-exec-1] o.s.web.servlet.DispatcherServlet        : Initializing Servlet 'dispatcherServlet'
2022-11-07 00:32:34.746  INFO 53016 --- [http-nio-8080-exec-1] o.s.web.servlet.DispatcherServlet        : Completed initialization in 4 ms
2022-11-07 00:32:39.726 ERROR 53016 --- [http-nio-8080-exec-10] o.a.c.c.C.[.[.[/].[dispatcherServlet]    : Servlet.service() for servlet [dispatcherServlet] in context with path [] threw exception [Request processing failed; nested exception is java.lang.IllegalArgumentException: Model has no value for key 'reportPostId'] with root cause

java.lang.IllegalArgumentException: Model has no value for key 'reportPostId'
	at org.springframework.web.servlet.view.RedirectView.replaceUriTemplateVariables(RedirectView.java:387) ~[spring-webmvc-5.2.12.RELEASE.jar:5.2.12.RELEASE]
	at org.springframework.web.servlet.view.RedirectView.createTargetUrl(RedirectView.java:346) ~[spring-webmvc-5.2.12.RELEASE.jar:5.2.12.RELEASE]
	at org.springframework.web.servlet.view.RedirectView.renderMergedOutputModel(RedirectView.java:307) ~[spring-webmvc-5.2.12.RELEASE.jar:5.2.12.RELEASE]
	at org.springframework.web.servlet.view.AbstractView.render(AbstractView.java:316) ~[spring-webmvc-5.2.12.RELEASE.jar:5.2.12.RELEASE]
	at org.springframework.web.servlet.DispatcherServlet.render(DispatcherServlet.java:1373) ~[spring-webmvc-5.2.12.RELEASE.jar:5.2.12.RELEASE]
	at org.springframework.web.servlet.DispatcherServlet.processDispatchResult(DispatcherServlet.java:1118) ~[spring-webmvc-5.2.12.RELEASE.jar:5.2.12.RELEASE]
	at org.springframework.web.servlet.DispatcherServlet.doDispatch(DispatcherServlet.java:1057) ~[spring-webmvc-5.2.12.RELEASE.jar:5.2.12.RELEASE]
	at org.springframework.web.servlet.DispatcherServlet.doService(DispatcherServlet.java:943) ~[spring-webmvc-5.2.12.RELEASE.jar:5.2.12.RELEASE]
	at org.springframework.web.servlet.FrameworkServlet.processRequest(FrameworkServlet.java:1006) ~[spring-webmvc-5.2.12.RELEASE.jar:5.2.12.RELEASE]
	at org.springframework.web.servlet.FrameworkServlet.doPost(FrameworkServlet.java:909) ~[spring-webmvc-5.2.12.RELEASE.jar:5.2.12.RELEASE]
	at javax.servlet.http.HttpServlet.service(HttpServlet.java:652) ~[tomcat-embed-core-9.0.41.jar:4.0.FR]
	at org.springframework.web.servlet.FrameworkServlet.service(FrameworkServlet.java:883) ~[spring-webmvc-5.2.12.RELEASE.jar:5.2.12.RELEASE]
	at javax.servlet.http.HttpServlet.service(HttpServlet.java:733) ~[tomcat-embed-core-9.0.41.jar:4.0.FR]
	at org.apache.catalina.core.ApplicationFilterChain.internalDoFilter(ApplicationFilterChain.java:231) ~[tomcat-embed-core-9.0.41.jar:9.0.41]
	at org.apache.catalina.core.ApplicationFilterChain.doFilter(ApplicationFilterChain.java:166) ~[tomcat-embed-core-9.0.41.jar:9.0.41]
	at org.apache.tomcat.websocket.server.WsFilter.doFilter(WsFilter.java:53) ~[tomcat-embed-websocket-9.0.41.jar:9.0.41]
	at org.apache.catalina.core.ApplicationFilterChain.internalDoFilter(ApplicationFilterChain.java:193) ~[tomcat-embed-core-9.0.41.jar:9.0.41]
	at org.apache.catalina.core.ApplicationFilterChain.doFilter(ApplicationFilterChain.java:166) ~[tomcat-embed-core-9.0.41.jar:9.0.41]
	at org.springframework.web.filter.RequestContextFilter.doFilterInternal(RequestContextFilter.java:100) ~[spring-web-5.2.12.RELEASE.jar:5.2.12.RELEASE]
	at org.springframework.web.filter.OncePerRequestFilter.doFilter(OncePerRequestFilter.java:119) ~[spring-web-5.2.12.RELEASE.jar:5.2.12.RELEASE]
	at org.apache.catalina.core.ApplicationFilterChain.internalDoFilter(ApplicationFilterChain.java:193) ~[tomcat-embed-core-9.0.41.jar:9.0.41]
	at org.apache.catalina.core.ApplicationFilterChain.doFilter(ApplicationFilterChain.java:166) ~[tomcat-embed-core-9.0.41.jar:9.0.41]
	at org.springframework.web.filter.FormContentFilter.doFilterInternal(FormContentFilter.java:93) ~[spring-web-5.2.12.RELEASE.jar:5.2.12.RELEASE]
	at org.springframework.web.filter.OncePerRequestFilter.doFilter(OncePerRequestFilter.java:119) ~[spring-web-5.2.12.RELEASE.jar:5.2.12.RELEASE]
	at org.apache.catalina.core.ApplicationFilterChain.internalDoFilter(ApplicationFilterChain.java:193) ~[tomcat-embed-core-9.0.41.jar:9.0.41]
	at org.apache.catalina.core.ApplicationFilterChain.doFilter(ApplicationFilterChain.java:166) ~[tomcat-embed-core-9.0.41.jar:9.0.41]
	at org.springframework.web.filter.CharacterEncodingFilter.doFilterInternal(CharacterEncodingFilter.java:201) ~[spring-web-5.2.12.RELEASE.jar:5.2.12.RELEASE]
	at org.springframework.web.filter.OncePerRequestFilter.doFilter(OncePerRequestFilter.java:119) ~[spring-web-5.2.12.RELEASE.jar:5.2.12.RELEASE]
	at org.apache.catalina.core.ApplicationFilterChain.internalDoFilter(ApplicationFilterChain.java:193) ~[tomcat-embed-core-9.0.41.jar:9.0.41]
	at org.apache.catalina.core.ApplicationFilterChain.doFilter(ApplicationFilterChain.java:166) ~[tomcat-embed-core-9.0.41.jar:9.0.41]
	at org.apache.catalina.core.StandardWrapperValve.invoke(StandardWrapperValve.java:202) ~[tomcat-embed-core-9.0.41.jar:9.0.41]
	at org.apache.catalina.core.StandardContextValve.invoke(StandardContextValve.java:97) ~[tomcat-embed-core-9.0.41.jar:9.0.41]
	at org.apache.catalina.authenticator.AuthenticatorBase.invoke(AuthenticatorBase.java:542) ~[tomcat-embed-core-9.0.41.jar:9.0.41]
	at org.apache.catalina.core.StandardHostValve.invoke(StandardHostValve.java:143) ~[tomcat-embed-core-9.0.41.jar:9.0.41]
	at org.apache.catalina.valves.ErrorReportValve.invoke(ErrorReportValve.java:92) ~[tomcat-embed-core-9.0.41.jar:9.0.41]
	at org.apache.catalina.core.StandardEngineValve.invoke(StandardEngineValve.java:78) ~[tomcat-embed-core-9.0.41.jar:9.0.41]
	at org.apache.catalina.connector.CoyoteAdapter.service(CoyoteAdapter.java:343) ~[tomcat-embed-core-9.0.41.jar:9.0.41]
	at org.apache.coyote.http11.Http11Processor.service(Http11Processor.java:374) ~[tomcat-embed-core-9.0.41.jar:9.0.41]
	at org.apache.coyote.AbstractProcessorLight.process(AbstractProcessorLight.java:65) ~[tomcat-embed-core-9.0.41.jar:9.0.41]
	at org.apache.coyote.AbstractProtocol$ConnectionHandler.process(AbstractProtocol.java:888) ~[tomcat-embed-core-9.0.41.jar:9.0.41]
	at org.apache.tomcat.util.net.NioEndpoint$SocketProcessor.doRun(NioEndpoint.java:1597) ~[tomcat-embed-core-9.0.41.jar:9.0.41]
	at org.apache.tomcat.util.net.SocketProcessorBase.run(SocketProcessorBase.java:49) ~[tomcat-embed-core-9.0.41.jar:9.0.41]
	at java.base/java.util.concurrent.ThreadPoolExecutor.runWorker(ThreadPoolExecutor.java:1130) ~[na:na]
	at java.base/java.util.concurrent.ThreadPoolExecutor$Worker.run(ThreadPoolExecutor.java:630) ~[na:na]
	at org.apache.tomcat.util.threads.TaskThread$WrappingRunnable.run(TaskThread.java:61) ~[tomcat-embed-core-9.0.41.jar:9.0.41]
	at java.base/java.lang.Thread.run(Thread.java:831) ~[na:na]

2022-11-07 00:33:10.704  INFO 44840 --- [restartedMain] c.y.c.m.MyCommunityApplication           : Starting MyCommunityApplication on LAPTOP-N7A9SVGH with PID 44840 (D:\myfile\Java\MyCommunity\target\classes started by yyw in D:\myfile\Java\MyCommunity)
2022-11-07 00:33:10.708  INFO 44840 --- [restartedMain] c.y.c.m.MyCommunityApplication           : No active profile set, falling back to default profiles: default
2022-11-07 00:33:10.774  INFO 44840 --- [restartedMain] .e.DevToolsPropertyDefaultsPostProcessor : Devtools property defaults active! Set 'spring.devtools.add-properties' to 'false' to disable
2022-11-07 00:33:10.775  INFO 44840 --- [restartedMain] .e.DevToolsPropertyDefaultsPostProcessor : For additional web related logging consider setting the 'logging.level.web' property to 'DEBUG'
2022-11-07 00:33:11.749  INFO 44840 --- [restartedMain] o.s.b.w.embedded.tomcat.TomcatWebServer  : Tomcat initialized with port(s): 8080 (http)
2022-11-07 00:33:11.756  INFO 44840 --- [restartedMain] o.apache.catalina.core.StandardService   : Starting service [Tomcat]
2022-11-07 00:33:11.756  INFO 44840 --- [restartedMain] org.apache.catalina.core.StandardEngine  : Starting Servlet engine: [Apache Tomcat/9.0.41]
2022-11-07 00:33:11.845  INFO 44840 --- [restartedMain] o.a.c.c.C.[Tomcat].[localhost].[/]       : Initializing Spring embedded WebApplicationContext
2022-11-07 00:33:11.845  INFO 44840 --- [restartedMain] w.s.c.ServletWebServerApplicationContext : Root WebApplicationContext: initialization completed in 1070 ms
2022-11-07 00:33:12.397  INFO 44840 --- [restartedMain] o.s.s.concurrent.ThreadPoolTaskExecutor  : Initializing ExecutorService 'applicationTaskExecutor'
2022-11-07 00:33:12.451  INFO 44840 --- [restartedMain] o.s.b.a.w.s.WelcomePageHandlerMapping    : Adding welcome page template: index
2022-11-07 00:33:12.537  INFO 44840 --- [restartedMain] o.s.s.c.ThreadPoolTaskScheduler          : Initializing ExecutorService 'taskScheduler'
2022-11-07 00:33:12.633  INFO 44840 --- [restartedMain] o.s.b.d.a.OptionalLiveReloadServer       : LiveReload server is running on port 35729
2022-11-07 00:33:12.692  INFO 44840 --- [restartedMain] o.s.b.w.embedded.tomcat.TomcatWebServer  : Tomcat started on port(s): 8080 (http) with context path ''
2022-11-07 00:33:12.704  INFO 44840 --- [restartedMain] c.y.c.m.MyCommunityApplication           : Started MyCommunityApplication in 2.416 seconds (JVM running for 3.453)
2022-11-07 00:33:12.725  INFO 44840 --- [scheduling-1] com.zaxxer.hikari.HikariDataSource       : HikariPool-1 - Starting...
2022-11-07 00:33:13.010  INFO 44840 --- [scheduling-1] com.zaxxer.hikari.HikariDataSource       : HikariPool-1 - Start completed.
2022-11-07 00:33:16.680  INFO 44840 --- [http-nio-8080-exec-1] o.a.c.c.C.[Tomcat].[localhost].[/]       : Initializing Spring DispatcherServlet 'dispatcherServlet'
2022-11-07 00:33:16.680  INFO 44840 --- [http-nio-8080-exec-1] o.s.web.servlet.DispatcherServlet        : Initializing Servlet 'dispatcherServlet'
2022-11-07 00:33:16.688  INFO 44840 --- [http-nio-8080-exec-1] o.s.web.servlet.DispatcherServlet        : Completed initialization in 7 ms
2022-11-07 00:40:45.665  INFO 53788 --- [restartedMain] c.y.c.m.MyCommunityApplication           : Starting MyCommunityApplication on LAPTOP-N7A9SVGH with PID 53788 (D:\myfile\Java\MyCommunity\target\classes started by yyw in D:\myfile\Java\MyCommunity)
2022-11-07 00:40:45.668  INFO 53788 --- [restartedMain] c.y.c.m.MyCommunityApplication           : No active profile set, falling back to default profiles: default
2022-11-07 00:40:45.723  INFO 53788 --- [restartedMain] .e.DevToolsPropertyDefaultsPostProcessor : Devtools property defaults active! Set 'spring.devtools.add-properties' to 'false' to disable
2022-11-07 00:40:45.723  INFO 53788 --- [restartedMain] .e.DevToolsPropertyDefaultsPostProcessor : For additional web related logging consider setting the 'logging.level.web' property to 'DEBUG'
2022-11-07 00:40:46.787  INFO 53788 --- [restartedMain] o.s.b.w.embedded.tomcat.TomcatWebServer  : Tomcat initialized with port(s): 8080 (http)
2022-11-07 00:40:46.794  INFO 53788 --- [restartedMain] o.apache.catalina.core.StandardService   : Starting service [Tomcat]
2022-11-07 00:40:46.794  INFO 53788 --- [restartedMain] org.apache.catalina.core.StandardEngine  : Starting Servlet engine: [Apache Tomcat/9.0.41]
2022-11-07 00:40:46.918  INFO 53788 --- [restartedMain] o.a.c.c.C.[Tomcat].[localhost].[/]       : Initializing Spring embedded WebApplicationContext
2022-11-07 00:40:46.918  INFO 53788 --- [restartedMain] w.s.c.ServletWebServerApplicationContext : Root WebApplicationContext: initialization completed in 1194 ms
2022-11-07 00:40:47.587  INFO 53788 --- [restartedMain] o.s.s.concurrent.ThreadPoolTaskExecutor  : Initializing ExecutorService 'applicationTaskExecutor'
2022-11-07 00:40:47.645  INFO 53788 --- [restartedMain] o.s.b.a.w.s.WelcomePageHandlerMapping    : Adding welcome page template: index
2022-11-07 00:40:47.751  INFO 53788 --- [restartedMain] o.s.s.c.ThreadPoolTaskScheduler          : Initializing ExecutorService 'taskScheduler'
2022-11-07 00:40:47.854  INFO 53788 --- [restartedMain] o.s.b.d.a.OptionalLiveReloadServer       : LiveReload server is running on port 35729
2022-11-07 00:40:47.917  INFO 53788 --- [restartedMain] o.s.b.w.embedded.tomcat.TomcatWebServer  : Tomcat started on port(s): 8080 (http) with context path ''
2022-11-07 00:40:47.929  INFO 53788 --- [restartedMain] c.y.c.m.MyCommunityApplication           : Started MyCommunityApplication in 2.578 seconds (JVM running for 3.591)
2022-11-07 00:40:47.959  INFO 53788 --- [scheduling-1] com.zaxxer.hikari.HikariDataSource       : HikariPool-1 - Starting...
2022-11-07 00:40:48.326  INFO 53788 --- [scheduling-1] com.zaxxer.hikari.HikariDataSource       : HikariPool-1 - Start completed.
2022-11-07 00:40:53.423  INFO 53788 --- [http-nio-8080-exec-1] o.a.c.c.C.[Tomcat].[localhost].[/]       : Initializing Spring DispatcherServlet 'dispatcherServlet'
2022-11-07 00:40:53.423  INFO 53788 --- [http-nio-8080-exec-1] o.s.web.servlet.DispatcherServlet        : Initializing Servlet 'dispatcherServlet'
2022-11-07 00:40:53.429  INFO 53788 --- [http-nio-8080-exec-1] o.s.web.servlet.DispatcherServlet        : Completed initialization in 6 ms
2022-11-07 00:56:41.210  INFO 17824 --- [restartedMain] c.y.c.m.MyCommunityApplication           : Starting MyCommunityApplication on LAPTOP-N7A9SVGH with PID 17824 (D:\myfile\Java\MyCommunity\target\classes started by yyw in D:\myfile\Java\MyCommunity)
2022-11-07 00:56:41.214  INFO 17824 --- [restartedMain] c.y.c.m.MyCommunityApplication           : No active profile set, falling back to default profiles: default
2022-11-07 00:56:41.271  INFO 17824 --- [restartedMain] .e.DevToolsPropertyDefaultsPostProcessor : Devtools property defaults active! Set 'spring.devtools.add-properties' to 'false' to disable
2022-11-07 00:56:41.272  INFO 17824 --- [restartedMain] .e.DevToolsPropertyDefaultsPostProcessor : For additional web related logging consider setting the 'logging.level.web' property to 'DEBUG'
2022-11-07 00:56:42.230  INFO 17824 --- [restartedMain] o.s.b.w.embedded.tomcat.TomcatWebServer  : Tomcat initialized with port(s): 8080 (http)
2022-11-07 00:56:42.237  INFO 17824 --- [restartedMain] o.apache.catalina.core.StandardService   : Starting service [Tomcat]
2022-11-07 00:56:42.237  INFO 17824 --- [restartedMain] org.apache.catalina.core.StandardEngine  : Starting Servlet engine: [Apache Tomcat/9.0.41]
2022-11-07 00:56:42.320  INFO 17824 --- [restartedMain] o.a.c.c.C.[Tomcat].[localhost].[/]       : Initializing Spring embedded WebApplicationContext
2022-11-07 00:56:42.320  INFO 17824 --- [restartedMain] w.s.c.ServletWebServerApplicationContext : Root WebApplicationContext: initialization completed in 1047 ms
2022-11-07 00:56:42.905  INFO 17824 --- [restartedMain] o.s.s.concurrent.ThreadPoolTaskExecutor  : Initializing ExecutorService 'applicationTaskExecutor'
2022-11-07 00:56:42.955  INFO 17824 --- [restartedMain] o.s.b.a.w.s.WelcomePageHandlerMapping    : Adding welcome page template: index
2022-11-07 00:56:43.050  INFO 17824 --- [restartedMain] o.s.s.c.ThreadPoolTaskScheduler          : Initializing ExecutorService 'taskScheduler'
2022-11-07 00:56:43.156  INFO 17824 --- [restartedMain] o.s.b.d.a.OptionalLiveReloadServer       : LiveReload server is running on port 35729
2022-11-07 00:56:43.228  INFO 17824 --- [restartedMain] o.s.b.w.embedded.tomcat.TomcatWebServer  : Tomcat started on port(s): 8080 (http) with context path ''
2022-11-07 00:56:43.239  INFO 17824 --- [restartedMain] c.y.c.m.MyCommunityApplication           : Started MyCommunityApplication in 2.438 seconds (JVM running for 3.454)
2022-11-07 00:56:43.260  INFO 17824 --- [scheduling-1] com.zaxxer.hikari.HikariDataSource       : HikariPool-1 - Starting...
2022-11-07 00:56:43.553  INFO 17824 --- [scheduling-1] com.zaxxer.hikari.HikariDataSource       : HikariPool-1 - Start completed.
2022-11-07 00:57:43.902  INFO 17824 --- [http-nio-8080-exec-1] o.a.c.c.C.[Tomcat].[localhost].[/]       : Initializing Spring DispatcherServlet 'dispatcherServlet'
2022-11-07 00:57:43.903  INFO 17824 --- [http-nio-8080-exec-1] o.s.web.servlet.DispatcherServlet        : Initializing Servlet 'dispatcherServlet'
2022-11-07 00:57:43.909  INFO 17824 --- [http-nio-8080-exec-1] o.s.web.servlet.DispatcherServlet        : Completed initialization in 6 ms
2022-11-07 01:04:19.771  INFO 47420 --- [restartedMain] c.y.c.m.MyCommunityApplication           : Starting MyCommunityApplication on LAPTOP-N7A9SVGH with PID 47420 (D:\myfile\Java\MyCommunity\target\classes started by yyw in D:\myfile\Java\MyCommunity)
2022-11-07 01:04:19.774  INFO 47420 --- [restartedMain] c.y.c.m.MyCommunityApplication           : No active profile set, falling back to default profiles: default
2022-11-07 01:04:19.828  INFO 47420 --- [restartedMain] .e.DevToolsPropertyDefaultsPostProcessor : Devtools property defaults active! Set 'spring.devtools.add-properties' to 'false' to disable
2022-11-07 01:04:19.829  INFO 47420 --- [restartedMain] .e.DevToolsPropertyDefaultsPostProcessor : For additional web related logging consider setting the 'logging.level.web' property to 'DEBUG'
2022-11-07 01:04:20.802  INFO 47420 --- [restartedMain] o.s.b.w.embedded.tomcat.TomcatWebServer  : Tomcat initialized with port(s): 8080 (http)
2022-11-07 01:04:20.809  INFO 47420 --- [restartedMain] o.apache.catalina.core.StandardService   : Starting service [Tomcat]
2022-11-07 01:04:20.809  INFO 47420 --- [restartedMain] org.apache.catalina.core.StandardEngine  : Starting Servlet engine: [Apache Tomcat/9.0.41]
2022-11-07 01:04:20.897  INFO 47420 --- [restartedMain] o.a.c.c.C.[Tomcat].[localhost].[/]       : Initializing Spring embedded WebApplicationContext
2022-11-07 01:04:20.898  INFO 47420 --- [restartedMain] w.s.c.ServletWebServerApplicationContext : Root WebApplicationContext: initialization completed in 1069 ms
2022-11-07 01:04:21.457  INFO 47420 --- [restartedMain] o.s.s.concurrent.ThreadPoolTaskExecutor  : Initializing ExecutorService 'applicationTaskExecutor'
2022-11-07 01:04:21.508  INFO 47420 --- [restartedMain] o.s.b.a.w.s.WelcomePageHandlerMapping    : Adding welcome page template: index
2022-11-07 01:04:21.599  INFO 47420 --- [restartedMain] o.s.s.c.ThreadPoolTaskScheduler          : Initializing ExecutorService 'taskScheduler'
2022-11-07 01:04:21.695  INFO 47420 --- [restartedMain] o.s.b.d.a.OptionalLiveReloadServer       : LiveReload server is running on port 35729
2022-11-07 01:04:21.780  INFO 47420 --- [restartedMain] o.s.b.w.embedded.tomcat.TomcatWebServer  : Tomcat started on port(s): 8080 (http) with context path ''
2022-11-07 01:04:21.802  INFO 47420 --- [restartedMain] c.y.c.m.MyCommunityApplication           : Started MyCommunityApplication in 2.334 seconds (JVM running for 3.054)
2022-11-07 01:04:21.827  INFO 47420 --- [scheduling-1] com.zaxxer.hikari.HikariDataSource       : HikariPool-1 - Starting...
2022-11-07 01:04:22.120  INFO 47420 --- [scheduling-1] com.zaxxer.hikari.HikariDataSource       : HikariPool-1 - Start completed.
2022-11-07 01:04:25.041  INFO 47420 --- [http-nio-8080-exec-1] o.a.c.c.C.[Tomcat].[localhost].[/]       : Initializing Spring DispatcherServlet 'dispatcherServlet'
2022-11-07 01:04:25.041  INFO 47420 --- [http-nio-8080-exec-1] o.s.web.servlet.DispatcherServlet        : Initializing Servlet 'dispatcherServlet'
2022-11-07 01:04:25.047  INFO 47420 --- [http-nio-8080-exec-1] o.s.web.servlet.DispatcherServlet        : Completed initialization in 6 ms
2022-11-07 01:17:23.221  INFO 53700 --- [restartedMain] c.y.c.m.MyCommunityApplication           : Starting MyCommunityApplication on LAPTOP-N7A9SVGH with PID 53700 (D:\myfile\Java\MyCommunity\target\classes started by yyw in D:\myfile\Java\MyCommunity)
2022-11-07 01:17:23.225  INFO 53700 --- [restartedMain] c.y.c.m.MyCommunityApplication           : No active profile set, falling back to default profiles: default
2022-11-07 01:17:23.300  INFO 53700 --- [restartedMain] .e.DevToolsPropertyDefaultsPostProcessor : Devtools property defaults active! Set 'spring.devtools.add-properties' to 'false' to disable
2022-11-07 01:17:23.300  INFO 53700 --- [restartedMain] .e.DevToolsPropertyDefaultsPostProcessor : For additional web related logging consider setting the 'logging.level.web' property to 'DEBUG'
2022-11-07 01:17:24.821  INFO 53700 --- [restartedMain] o.s.b.w.embedded.tomcat.TomcatWebServer  : Tomcat initialized with port(s): 8080 (http)
2022-11-07 01:17:24.835  INFO 53700 --- [restartedMain] o.apache.catalina.core.StandardService   : Starting service [Tomcat]
2022-11-07 01:17:24.836  INFO 53700 --- [restartedMain] org.apache.catalina.core.StandardEngine  : Starting Servlet engine: [Apache Tomcat/9.0.41]
2022-11-07 01:17:25.004  INFO 53700 --- [restartedMain] o.a.c.c.C.[Tomcat].[localhost].[/]       : Initializing Spring embedded WebApplicationContext
2022-11-07 01:17:25.004  INFO 53700 --- [restartedMain] w.s.c.ServletWebServerApplicationContext : Root WebApplicationContext: initialization completed in 1703 ms
2022-11-07 01:17:25.879  INFO 53700 --- [restartedMain] o.s.s.concurrent.ThreadPoolTaskExecutor  : Initializing ExecutorService 'applicationTaskExecutor'
2022-11-07 01:17:25.967  INFO 53700 --- [restartedMain] o.s.b.a.w.s.WelcomePageHandlerMapping    : Adding welcome page template: index
2022-11-07 01:17:26.123  INFO 53700 --- [restartedMain] o.s.s.c.ThreadPoolTaskScheduler          : Initializing ExecutorService 'taskScheduler'
2022-11-07 01:17:26.281  INFO 53700 --- [restartedMain] o.s.b.d.a.OptionalLiveReloadServer       : LiveReload server is running on port 35729
2022-11-07 01:17:26.372  INFO 53700 --- [restartedMain] o.s.b.w.embedded.tomcat.TomcatWebServer  : Tomcat started on port(s): 8080 (http) with context path ''
2022-11-07 01:17:26.393  INFO 53700 --- [restartedMain] c.y.c.m.MyCommunityApplication           : Started MyCommunityApplication in 3.652 seconds (JVM running for 4.784)
2022-11-07 01:17:26.432  INFO 53700 --- [scheduling-1] com.zaxxer.hikari.HikariDataSource       : HikariPool-1 - Starting...
2022-11-07 01:17:26.490  INFO 53700 --- [http-nio-8080-exec-1] o.a.c.c.C.[Tomcat].[localhost].[/]       : Initializing Spring DispatcherServlet 'dispatcherServlet'
2022-11-07 01:17:26.491  INFO 53700 --- [http-nio-8080-exec-1] o.s.web.servlet.DispatcherServlet        : Initializing Servlet 'dispatcherServlet'
2022-11-07 01:17:26.498  INFO 53700 --- [http-nio-8080-exec-1] o.s.web.servlet.DispatcherServlet        : Completed initialization in 7 ms
2022-11-07 01:17:27.031  INFO 53700 --- [scheduling-1] com.zaxxer.hikari.HikariDataSource       : HikariPool-1 - Start completed.
2022-11-07 14:20:48.484  INFO 50056 --- [restartedMain] c.y.c.m.MyCommunityApplication           : Starting MyCommunityApplication on LAPTOP-N7A9SVGH with PID 50056 (D:\myfile\Java\MyCommunity\target\classes started by yyw in D:\myfile\Java\MyCommunity)
2022-11-07 14:20:48.487  INFO 50056 --- [restartedMain] c.y.c.m.MyCommunityApplication           : No active profile set, falling back to default profiles: default
2022-11-07 14:20:48.553  INFO 50056 --- [restartedMain] .e.DevToolsPropertyDefaultsPostProcessor : Devtools property defaults active! Set 'spring.devtools.add-properties' to 'false' to disable
2022-11-07 14:20:48.553  INFO 50056 --- [restartedMain] .e.DevToolsPropertyDefaultsPostProcessor : For additional web related logging consider setting the 'logging.level.web' property to 'DEBUG'
2022-11-07 14:20:49.605  INFO 50056 --- [restartedMain] o.s.b.w.embedded.tomcat.TomcatWebServer  : Tomcat initialized with port(s): 8080 (http)
2022-11-07 14:20:49.615  INFO 50056 --- [restartedMain] o.apache.catalina.core.StandardService   : Starting service [Tomcat]
2022-11-07 14:20:49.616  INFO 50056 --- [restartedMain] org.apache.catalina.core.StandardEngine  : Starting Servlet engine: [Apache Tomcat/9.0.41]
2022-11-07 14:20:49.727  INFO 50056 --- [restartedMain] o.a.c.c.C.[Tomcat].[localhost].[/]       : Initializing Spring embedded WebApplicationContext
2022-11-07 14:20:49.727  INFO 50056 --- [restartedMain] w.s.c.ServletWebServerApplicationContext : Root WebApplicationContext: initialization completed in 1173 ms
2022-11-07 14:20:50.345  INFO 50056 --- [restartedMain] o.s.s.concurrent.ThreadPoolTaskExecutor  : Initializing ExecutorService 'applicationTaskExecutor'
2022-11-07 14:20:50.402  INFO 50056 --- [restartedMain] o.s.b.a.w.s.WelcomePageHandlerMapping    : Adding welcome page template: index
2022-11-07 14:20:50.507  INFO 50056 --- [restartedMain] o.s.s.c.ThreadPoolTaskScheduler          : Initializing ExecutorService 'taskScheduler'
2022-11-07 14:20:50.630  INFO 50056 --- [restartedMain] o.s.b.d.a.OptionalLiveReloadServer       : LiveReload server is running on port 35729
2022-11-07 14:20:50.696  INFO 50056 --- [restartedMain] o.s.b.w.embedded.tomcat.TomcatWebServer  : Tomcat started on port(s): 8080 (http) with context path ''
2022-11-07 14:20:50.707  INFO 50056 --- [restartedMain] c.y.c.m.MyCommunityApplication           : Started MyCommunityApplication in 2.605 seconds (JVM running for 3.533)
2022-11-07 14:20:50.730  INFO 50056 --- [scheduling-1] com.zaxxer.hikari.HikariDataSource       : HikariPool-1 - Starting...
2022-11-07 14:20:51.120  INFO 50056 --- [scheduling-1] com.zaxxer.hikari.HikariDataSource       : HikariPool-1 - Start completed.
2022-11-07 14:21:01.839  INFO 50056 --- [http-nio-8080-exec-1] o.a.c.c.C.[Tomcat].[localhost].[/]       : Initializing Spring DispatcherServlet 'dispatcherServlet'
2022-11-07 14:21:01.839  INFO 50056 --- [http-nio-8080-exec-1] o.s.web.servlet.DispatcherServlet        : Initializing Servlet 'dispatcherServlet'
2022-11-07 14:21:01.845  INFO 50056 --- [http-nio-8080-exec-1] o.s.web.servlet.DispatcherServlet        : Completed initialization in 6 ms
2022-11-07 14:22:09.242  INFO 58672 --- [restartedMain] c.y.c.m.MyCommunityApplication           : Starting MyCommunityApplication on LAPTOP-N7A9SVGH with PID 58672 (D:\myfile\Java\MyCommunity\target\classes started by yyw in D:\myfile\Java\MyCommunity)
2022-11-07 14:22:09.254  INFO 58672 --- [restartedMain] c.y.c.m.MyCommunityApplication           : No active profile set, falling back to default profiles: default
2022-11-07 14:22:09.340  INFO 58672 --- [restartedMain] .e.DevToolsPropertyDefaultsPostProcessor : Devtools property defaults active! Set 'spring.devtools.add-properties' to 'false' to disable
2022-11-07 14:22:09.340  INFO 58672 --- [restartedMain] .e.DevToolsPropertyDefaultsPostProcessor : For additional web related logging consider setting the 'logging.level.web' property to 'DEBUG'
2022-11-07 14:22:10.291  INFO 58672 --- [restartedMain] o.s.b.w.embedded.tomcat.TomcatWebServer  : Tomcat initialized with port(s): 8080 (http)
2022-11-07 14:22:10.297  INFO 58672 --- [restartedMain] o.apache.catalina.core.StandardService   : Starting service [Tomcat]
2022-11-07 14:22:10.297  INFO 58672 --- [restartedMain] org.apache.catalina.core.StandardEngine  : Starting Servlet engine: [Apache Tomcat/9.0.41]
2022-11-07 14:22:10.387  INFO 58672 --- [restartedMain] o.a.c.c.C.[Tomcat].[localhost].[/]       : Initializing Spring embedded WebApplicationContext
2022-11-07 14:22:10.388  INFO 58672 --- [restartedMain] w.s.c.ServletWebServerApplicationContext : Root WebApplicationContext: initialization completed in 1047 ms
2022-11-07 14:22:10.928  INFO 58672 --- [restartedMain] o.s.s.concurrent.ThreadPoolTaskExecutor  : Initializing ExecutorService 'applicationTaskExecutor'
2022-11-07 14:22:10.977  INFO 58672 --- [restartedMain] o.s.b.a.w.s.WelcomePageHandlerMapping    : Adding welcome page template: index
2022-11-07 14:22:11.060  INFO 58672 --- [restartedMain] o.s.s.c.ThreadPoolTaskScheduler          : Initializing ExecutorService 'taskScheduler'
2022-11-07 14:22:11.166  INFO 58672 --- [restartedMain] o.s.b.d.a.OptionalLiveReloadServer       : LiveReload server is running on port 35729
2022-11-07 14:22:11.225  INFO 58672 --- [restartedMain] o.s.b.w.embedded.tomcat.TomcatWebServer  : Tomcat started on port(s): 8080 (http) with context path ''
2022-11-07 14:22:11.234  INFO 58672 --- [restartedMain] c.y.c.m.MyCommunityApplication           : Started MyCommunityApplication in 2.49 seconds (JVM running for 3.864)
2022-11-07 14:22:11.254  INFO 58672 --- [scheduling-1] com.zaxxer.hikari.HikariDataSource       : HikariPool-1 - Starting...
2022-11-07 14:22:11.530  INFO 58672 --- [scheduling-1] com.zaxxer.hikari.HikariDataSource       : HikariPool-1 - Start completed.
2022-11-07 14:22:16.350  INFO 58672 --- [http-nio-8080-exec-1] o.a.c.c.C.[Tomcat].[localhost].[/]       : Initializing Spring DispatcherServlet 'dispatcherServlet'
2022-11-07 14:22:16.350  INFO 58672 --- [http-nio-8080-exec-1] o.s.web.servlet.DispatcherServlet        : Initializing Servlet 'dispatcherServlet'
2022-11-07 14:22:16.355  INFO 58672 --- [http-nio-8080-exec-1] o.s.web.servlet.DispatcherServlet        : Completed initialization in 5 ms
2022-11-07 14:22:56.561  INFO 49888 --- [restartedMain] c.y.c.m.MyCommunityApplication           : Starting MyCommunityApplication on LAPTOP-N7A9SVGH with PID 49888 (D:\myfile\Java\MyCommunity\target\classes started by yyw in D:\myfile\Java\MyCommunity)
2022-11-07 14:22:56.565  INFO 49888 --- [restartedMain] c.y.c.m.MyCommunityApplication           : No active profile set, falling back to default profiles: default
2022-11-07 14:22:56.649  INFO 49888 --- [restartedMain] .e.DevToolsPropertyDefaultsPostProcessor : Devtools property defaults active! Set 'spring.devtools.add-properties' to 'false' to disable
2022-11-07 14:22:56.650  INFO 49888 --- [restartedMain] .e.DevToolsPropertyDefaultsPostProcessor : For additional web related logging consider setting the 'logging.level.web' property to 'DEBUG'
2022-11-07 14:22:58.213  INFO 49888 --- [restartedMain] o.s.b.w.embedded.tomcat.TomcatWebServer  : Tomcat initialized with port(s): 8080 (http)
2022-11-07 14:22:58.225  INFO 49888 --- [restartedMain] o.apache.catalina.core.StandardService   : Starting service [Tomcat]
2022-11-07 14:22:58.225  INFO 49888 --- [restartedMain] org.apache.catalina.core.StandardEngine  : Starting Servlet engine: [Apache Tomcat/9.0.41]
2022-11-07 14:22:58.396  INFO 49888 --- [restartedMain] o.a.c.c.C.[Tomcat].[localhost].[/]       : Initializing Spring embedded WebApplicationContext
2022-11-07 14:22:58.396  INFO 49888 --- [restartedMain] w.s.c.ServletWebServerApplicationContext : Root WebApplicationContext: initialization completed in 1745 ms
2022-11-07 14:22:59.138  INFO 49888 --- [restartedMain] o.s.s.concurrent.ThreadPoolTaskExecutor  : Initializing ExecutorService 'applicationTaskExecutor'
2022-11-07 14:22:59.187  INFO 49888 --- [restartedMain] o.s.b.a.w.s.WelcomePageHandlerMapping    : Adding welcome page template: index
2022-11-07 14:22:59.273  INFO 49888 --- [restartedMain] o.s.s.c.ThreadPoolTaskScheduler          : Initializing ExecutorService 'taskScheduler'
2022-11-07 14:22:59.377  INFO 49888 --- [restartedMain] o.s.b.d.a.OptionalLiveReloadServer       : LiveReload server is running on port 35729
2022-11-07 14:22:59.434  INFO 49888 --- [restartedMain] o.s.b.w.embedded.tomcat.TomcatWebServer  : Tomcat started on port(s): 8080 (http) with context path ''
2022-11-07 14:22:59.445  INFO 49888 --- [restartedMain] c.y.c.m.MyCommunityApplication           : Started MyCommunityApplication in 3.377 seconds (JVM running for 4.523)
2022-11-07 14:22:59.465  INFO 49888 --- [scheduling-1] com.zaxxer.hikari.HikariDataSource       : HikariPool-1 - Starting...
2022-11-07 14:22:59.731  INFO 49888 --- [scheduling-1] com.zaxxer.hikari.HikariDataSource       : HikariPool-1 - Start completed.
2022-11-07 14:23:00.888  INFO 49888 --- [http-nio-8080-exec-1] o.a.c.c.C.[Tomcat].[localhost].[/]       : Initializing Spring DispatcherServlet 'dispatcherServlet'
2022-11-07 14:23:00.888  INFO 49888 --- [http-nio-8080-exec-1] o.s.web.servlet.DispatcherServlet        : Initializing Servlet 'dispatcherServlet'
2022-11-07 14:23:00.899  INFO 49888 --- [http-nio-8080-exec-1] o.s.web.servlet.DispatcherServlet        : Completed initialization in 10 ms
2022-11-07 14:24:18.593  INFO 46800 --- [restartedMain] c.y.c.m.MyCommunityApplication           : Starting MyCommunityApplication on LAPTOP-N7A9SVGH with PID 46800 (D:\myfile\Java\MyCommunity\target\classes started by yyw in D:\myfile\Java\MyCommunity)
2022-11-07 14:24:18.598  INFO 46800 --- [restartedMain] c.y.c.m.MyCommunityApplication           : No active profile set, falling back to default profiles: default
2022-11-07 14:24:18.693  INFO 46800 --- [restartedMain] .e.DevToolsPropertyDefaultsPostProcessor : Devtools property defaults active! Set 'spring.devtools.add-properties' to 'false' to disable
2022-11-07 14:24:18.694  INFO 46800 --- [restartedMain] .e.DevToolsPropertyDefaultsPostProcessor : For additional web related logging consider setting the 'logging.level.web' property to 'DEBUG'
2022-11-07 14:24:19.655  INFO 46800 --- [restartedMain] o.s.b.w.embedded.tomcat.TomcatWebServer  : Tomcat initialized with port(s): 8080 (http)
2022-11-07 14:24:19.662  INFO 46800 --- [restartedMain] o.apache.catalina.core.StandardService   : Starting service [Tomcat]
2022-11-07 14:24:19.662  INFO 46800 --- [restartedMain] org.apache.catalina.core.StandardEngine  : Starting Servlet engine: [Apache Tomcat/9.0.41]
2022-11-07 14:24:19.757  INFO 46800 --- [restartedMain] o.a.c.c.C.[Tomcat].[localhost].[/]       : Initializing Spring embedded WebApplicationContext
2022-11-07 14:24:19.757  INFO 46800 --- [restartedMain] w.s.c.ServletWebServerApplicationContext : Root WebApplicationContext: initialization completed in 1063 ms
2022-11-07 14:24:20.364  INFO 46800 --- [restartedMain] o.s.s.concurrent.ThreadPoolTaskExecutor  : Initializing ExecutorService 'applicationTaskExecutor'
2022-11-07 14:24:20.412  INFO 46800 --- [restartedMain] o.s.b.a.w.s.WelcomePageHandlerMapping    : Adding welcome page template: index
2022-11-07 14:24:20.496  INFO 46800 --- [restartedMain] o.s.s.c.ThreadPoolTaskScheduler          : Initializing ExecutorService 'taskScheduler'
2022-11-07 14:24:20.626  INFO 46800 --- [restartedMain] o.s.b.d.a.OptionalLiveReloadServer       : LiveReload server is running on port 35729
2022-11-07 14:24:20.704  INFO 46800 --- [restartedMain] o.s.b.w.embedded.tomcat.TomcatWebServer  : Tomcat started on port(s): 8080 (http) with context path ''
2022-11-07 14:24:20.716  INFO 46800 --- [restartedMain] c.y.c.m.MyCommunityApplication           : Started MyCommunityApplication in 2.678 seconds (JVM running for 4.146)
2022-11-07 14:24:20.741  INFO 46800 --- [scheduling-1] com.zaxxer.hikari.HikariDataSource       : HikariPool-1 - Starting...
2022-11-07 14:24:21.045  INFO 46800 --- [scheduling-1] com.zaxxer.hikari.HikariDataSource       : HikariPool-1 - Start completed.
2022-11-07 14:24:22.524  INFO 46800 --- [http-nio-8080-exec-1] o.a.c.c.C.[Tomcat].[localhost].[/]       : Initializing Spring DispatcherServlet 'dispatcherServlet'
2022-11-07 14:24:22.524  INFO 46800 --- [http-nio-8080-exec-1] o.s.web.servlet.DispatcherServlet        : Initializing Servlet 'dispatcherServlet'
2022-11-07 14:24:22.535  INFO 46800 --- [http-nio-8080-exec-1] o.s.web.servlet.DispatcherServlet        : Completed initialization in 10 ms
2022-11-07 14:24:41.948  INFO 42336 --- [restartedMain] c.y.c.m.MyCommunityApplication           : Starting MyCommunityApplication on LAPTOP-N7A9SVGH with PID 42336 (D:\myfile\Java\MyCommunity\target\classes started by yyw in D:\myfile\Java\MyCommunity)
2022-11-07 14:24:41.951  INFO 42336 --- [restartedMain] c.y.c.m.MyCommunityApplication           : No active profile set, falling back to default profiles: default
2022-11-07 14:24:42.011  INFO 42336 --- [restartedMain] .e.DevToolsPropertyDefaultsPostProcessor : Devtools property defaults active! Set 'spring.devtools.add-properties' to 'false' to disable
2022-11-07 14:24:42.011  INFO 42336 --- [restartedMain] .e.DevToolsPropertyDefaultsPostProcessor : For additional web related logging consider setting the 'logging.level.web' property to 'DEBUG'
2022-11-07 14:24:43.942  INFO 42336 --- [restartedMain] o.s.b.w.embedded.tomcat.TomcatWebServer  : Tomcat initialized with port(s): 8080 (http)
2022-11-07 14:24:43.949  INFO 42336 --- [restartedMain] o.apache.catalina.core.StandardService   : Starting service [Tomcat]
2022-11-07 14:24:43.950  INFO 42336 --- [restartedMain] org.apache.catalina.core.StandardEngine  : Starting Servlet engine: [Apache Tomcat/9.0.41]
2022-11-07 14:24:44.046  INFO 42336 --- [restartedMain] o.a.c.c.C.[Tomcat].[localhost].[/]       : Initializing Spring embedded WebApplicationContext
2022-11-07 14:24:44.047  INFO 42336 --- [restartedMain] w.s.c.ServletWebServerApplicationContext : Root WebApplicationContext: initialization completed in 2035 ms
2022-11-07 14:24:44.634  INFO 42336 --- [restartedMain] o.s.s.concurrent.ThreadPoolTaskExecutor  : Initializing ExecutorService 'applicationTaskExecutor'
2022-11-07 14:24:44.688  INFO 42336 --- [restartedMain] o.s.b.a.w.s.WelcomePageHandlerMapping    : Adding welcome page template: index
2022-11-07 14:24:44.787  INFO 42336 --- [restartedMain] o.s.s.c.ThreadPoolTaskScheduler          : Initializing ExecutorService 'taskScheduler'
2022-11-07 14:24:44.921  INFO 42336 --- [restartedMain] o.s.b.d.a.OptionalLiveReloadServer       : LiveReload server is running on port 35729
2022-11-07 14:24:44.997  INFO 42336 --- [restartedMain] o.s.b.w.embedded.tomcat.TomcatWebServer  : Tomcat started on port(s): 8080 (http) with context path ''
2022-11-07 14:24:45.010  INFO 42336 --- [restartedMain] c.y.c.m.MyCommunityApplication           : Started MyCommunityApplication in 3.674 seconds (JVM running for 6.03)
2022-11-07 14:24:45.035  INFO 42336 --- [scheduling-1] com.zaxxer.hikari.HikariDataSource       : HikariPool-1 - Starting...
2022-11-07 14:24:45.339  INFO 42336 --- [scheduling-1] com.zaxxer.hikari.HikariDataSource       : HikariPool-1 - Start completed.
2022-11-07 14:24:50.297  INFO 42336 --- [http-nio-8080-exec-1] o.a.c.c.C.[Tomcat].[localhost].[/]       : Initializing Spring DispatcherServlet 'dispatcherServlet'
2022-11-07 14:24:50.297  INFO 42336 --- [http-nio-8080-exec-1] o.s.web.servlet.DispatcherServlet        : Initializing Servlet 'dispatcherServlet'
2022-11-07 14:24:50.301  INFO 42336 --- [http-nio-8080-exec-1] o.s.web.servlet.DispatcherServlet        : Completed initialization in 4 ms
2022-11-07 14:25:27.282  INFO 60832 --- [restartedMain] c.y.c.m.MyCommunityApplication           : Starting MyCommunityApplication on LAPTOP-N7A9SVGH with PID 60832 (D:\myfile\Java\MyCommunity\target\classes started by yyw in D:\myfile\Java\MyCommunity)
2022-11-07 14:25:27.289  INFO 60832 --- [restartedMain] c.y.c.m.MyCommunityApplication           : No active profile set, falling back to default profiles: default
2022-11-07 14:25:27.410  INFO 60832 --- [restartedMain] .e.DevToolsPropertyDefaultsPostProcessor : Devtools property defaults active! Set 'spring.devtools.add-properties' to 'false' to disable
2022-11-07 14:25:27.411  INFO 60832 --- [restartedMain] .e.DevToolsPropertyDefaultsPostProcessor : For additional web related logging consider setting the 'logging.level.web' property to 'DEBUG'
2022-11-07 14:25:29.044  INFO 60832 --- [restartedMain] o.s.b.w.embedded.tomcat.TomcatWebServer  : Tomcat initialized with port(s): 8080 (http)
2022-11-07 14:25:29.053  INFO 60832 --- [restartedMain] o.apache.catalina.core.StandardService   : Starting service [Tomcat]
2022-11-07 14:25:29.054  INFO 60832 --- [restartedMain] org.apache.catalina.core.StandardEngine  : Starting Servlet engine: [Apache Tomcat/9.0.41]
2022-11-07 14:25:29.198  INFO 60832 --- [restartedMain] o.a.c.c.C.[Tomcat].[localhost].[/]       : Initializing Spring embedded WebApplicationContext
2022-11-07 14:25:29.199  INFO 60832 --- [restartedMain] w.s.c.ServletWebServerApplicationContext : Root WebApplicationContext: initialization completed in 1787 ms
2022-11-07 14:25:29.837  INFO 60832 --- [restartedMain] o.s.s.concurrent.ThreadPoolTaskExecutor  : Initializing ExecutorService 'applicationTaskExecutor'
2022-11-07 14:25:29.887  INFO 60832 --- [restartedMain] o.s.b.a.w.s.WelcomePageHandlerMapping    : Adding welcome page template: index
2022-11-07 14:25:29.976  INFO 60832 --- [restartedMain] o.s.s.c.ThreadPoolTaskScheduler          : Initializing ExecutorService 'taskScheduler'
2022-11-07 14:25:30.092  INFO 60832 --- [restartedMain] o.s.b.d.a.OptionalLiveReloadServer       : LiveReload server is running on port 35729
2022-11-07 14:25:30.157  INFO 60832 --- [restartedMain] o.s.b.w.embedded.tomcat.TomcatWebServer  : Tomcat started on port(s): 8080 (http) with context path ''
2022-11-07 14:25:30.171  INFO 60832 --- [restartedMain] c.y.c.m.MyCommunityApplication           : Started MyCommunityApplication in 3.851 seconds (JVM running for 4.781)
2022-11-07 14:25:30.190  INFO 60832 --- [scheduling-1] com.zaxxer.hikari.HikariDataSource       : HikariPool-1 - Starting...
2022-11-07 14:25:30.551  INFO 60832 --- [scheduling-1] com.zaxxer.hikari.HikariDataSource       : HikariPool-1 - Start completed.
2022-11-07 14:25:34.099  INFO 60832 --- [http-nio-8080-exec-2] o.a.c.c.C.[Tomcat].[localhost].[/]       : Initializing Spring DispatcherServlet 'dispatcherServlet'
2022-11-07 14:25:34.100  INFO 60832 --- [http-nio-8080-exec-2] o.s.web.servlet.DispatcherServlet        : Initializing Servlet 'dispatcherServlet'
2022-11-07 14:25:34.104  INFO 60832 --- [http-nio-8080-exec-2] o.s.web.servlet.DispatcherServlet        : Completed initialization in 4 ms
2022-11-07 14:26:16.478  INFO 59208 --- [restartedMain] c.y.c.m.MyCommunityApplication           : Starting MyCommunityApplication on LAPTOP-N7A9SVGH with PID 59208 (D:\myfile\Java\MyCommunity\target\classes started by yyw in D:\myfile\Java\MyCommunity)
2022-11-07 14:26:16.482  INFO 59208 --- [restartedMain] c.y.c.m.MyCommunityApplication           : No active profile set, falling back to default profiles: default
2022-11-07 14:26:16.556  INFO 59208 --- [restartedMain] .e.DevToolsPropertyDefaultsPostProcessor : Devtools property defaults active! Set 'spring.devtools.add-properties' to 'false' to disable
2022-11-07 14:26:16.556  INFO 59208 --- [restartedMain] .e.DevToolsPropertyDefaultsPostProcessor : For additional web related logging consider setting the 'logging.level.web' property to 'DEBUG'
2022-11-07 14:26:17.896  INFO 59208 --- [restartedMain] o.s.b.w.embedded.tomcat.TomcatWebServer  : Tomcat initialized with port(s): 8080 (http)
2022-11-07 14:26:17.907  INFO 59208 --- [restartedMain] o.apache.catalina.core.StandardService   : Starting service [Tomcat]
2022-11-07 14:26:17.908  INFO 59208 --- [restartedMain] org.apache.catalina.core.StandardEngine  : Starting Servlet engine: [Apache Tomcat/9.0.41]
2022-11-07 14:26:18.116  INFO 59208 --- [restartedMain] o.a.c.c.C.[Tomcat].[localhost].[/]       : Initializing Spring embedded WebApplicationContext
2022-11-07 14:26:18.117  INFO 59208 --- [restartedMain] w.s.c.ServletWebServerApplicationContext : Root WebApplicationContext: initialization completed in 1560 ms
2022-11-07 14:26:19.259  INFO 59208 --- [restartedMain] o.s.s.concurrent.ThreadPoolTaskExecutor  : Initializing ExecutorService 'applicationTaskExecutor'
2022-11-07 14:26:19.333  INFO 59208 --- [restartedMain] o.s.b.a.w.s.WelcomePageHandlerMapping    : Adding welcome page template: index
2022-11-07 14:26:19.438  INFO 59208 --- [restartedMain] o.s.s.c.ThreadPoolTaskScheduler          : Initializing ExecutorService 'taskScheduler'
2022-11-07 14:26:19.550  INFO 59208 --- [restartedMain] o.s.b.d.a.OptionalLiveReloadServer       : LiveReload server is running on port 35729
2022-11-07 14:26:19.609  INFO 59208 --- [restartedMain] o.s.b.w.embedded.tomcat.TomcatWebServer  : Tomcat started on port(s): 8080 (http) with context path ''
2022-11-07 14:26:19.623  INFO 59208 --- [restartedMain] c.y.c.m.MyCommunityApplication           : Started MyCommunityApplication in 3.63 seconds (JVM running for 4.562)
2022-11-07 14:26:19.643  INFO 59208 --- [scheduling-1] com.zaxxer.hikari.HikariDataSource       : HikariPool-1 - Starting...
2022-11-07 14:26:19.924  INFO 59208 --- [scheduling-1] com.zaxxer.hikari.HikariDataSource       : HikariPool-1 - Start completed.
2022-11-07 14:26:20.318  INFO 59208 --- [http-nio-8080-exec-2] o.a.c.c.C.[Tomcat].[localhost].[/]       : Initializing Spring DispatcherServlet 'dispatcherServlet'
2022-11-07 14:26:20.318  INFO 59208 --- [http-nio-8080-exec-2] o.s.web.servlet.DispatcherServlet        : Initializing Servlet 'dispatcherServlet'
2022-11-07 14:26:20.322  INFO 59208 --- [http-nio-8080-exec-2] o.s.web.servlet.DispatcherServlet        : Completed initialization in 4 ms
2022-11-07 14:26:46.205  INFO 20620 --- [restartedMain] c.y.c.m.MyCommunityApplication           : Starting MyCommunityApplication on LAPTOP-N7A9SVGH with PID 20620 (D:\myfile\Java\MyCommunity\target\classes started by yyw in D:\myfile\Java\MyCommunity)
2022-11-07 14:26:46.211  INFO 20620 --- [restartedMain] c.y.c.m.MyCommunityApplication           : No active profile set, falling back to default profiles: default
2022-11-07 14:26:46.295  INFO 20620 --- [restartedMain] .e.DevToolsPropertyDefaultsPostProcessor : Devtools property defaults active! Set 'spring.devtools.add-properties' to 'false' to disable
2022-11-07 14:26:46.295  INFO 20620 --- [restartedMain] .e.DevToolsPropertyDefaultsPostProcessor : For additional web related logging consider setting the 'logging.level.web' property to 'DEBUG'
2022-11-07 14:26:47.967  INFO 20620 --- [restartedMain] o.s.b.w.embedded.tomcat.TomcatWebServer  : Tomcat initialized with port(s): 8080 (http)
2022-11-07 14:26:47.983  INFO 20620 --- [restartedMain] o.apache.catalina.core.StandardService   : Starting service [Tomcat]
2022-11-07 14:26:47.984  INFO 20620 --- [restartedMain] org.apache.catalina.core.StandardEngine  : Starting Servlet engine: [Apache Tomcat/9.0.41]
2022-11-07 14:26:48.179  INFO 20620 --- [restartedMain] o.a.c.c.C.[Tomcat].[localhost].[/]       : Initializing Spring embedded WebApplicationContext
2022-11-07 14:26:48.179  INFO 20620 --- [restartedMain] w.s.c.ServletWebServerApplicationContext : Root WebApplicationContext: initialization completed in 1883 ms
2022-11-07 14:26:49.238  INFO 20620 --- [restartedMain] o.s.s.concurrent.ThreadPoolTaskExecutor  : Initializing ExecutorService 'applicationTaskExecutor'
2022-11-07 14:26:49.287  INFO 20620 --- [restartedMain] o.s.b.a.w.s.WelcomePageHandlerMapping    : Adding welcome page template: index
2022-11-07 14:26:49.375  INFO 20620 --- [restartedMain] o.s.s.c.ThreadPoolTaskScheduler          : Initializing ExecutorService 'taskScheduler'
2022-11-07 14:26:49.484  INFO 20620 --- [restartedMain] o.s.b.d.a.OptionalLiveReloadServer       : LiveReload server is running on port 35729
2022-11-07 14:26:49.543  INFO 20620 --- [restartedMain] o.s.b.w.embedded.tomcat.TomcatWebServer  : Tomcat started on port(s): 8080 (http) with context path ''
2022-11-07 14:26:49.557  INFO 20620 --- [restartedMain] c.y.c.m.MyCommunityApplication           : Started MyCommunityApplication in 3.842 seconds (JVM running for 4.734)
2022-11-07 14:26:49.585  INFO 20620 --- [scheduling-1] com.zaxxer.hikari.HikariDataSource       : HikariPool-1 - Starting...
2022-11-07 14:26:49.590  INFO 20620 --- [http-nio-8080-exec-1] o.a.c.c.C.[Tomcat].[localhost].[/]       : Initializing Spring DispatcherServlet 'dispatcherServlet'
2022-11-07 14:26:49.590  INFO 20620 --- [http-nio-8080-exec-1] o.s.web.servlet.DispatcherServlet        : Initializing Servlet 'dispatcherServlet'
2022-11-07 14:26:49.596  INFO 20620 --- [http-nio-8080-exec-1] o.s.web.servlet.DispatcherServlet        : Completed initialization in 6 ms
2022-11-07 14:26:49.886  INFO 20620 --- [scheduling-1] com.zaxxer.hikari.HikariDataSource       : HikariPool-1 - Start completed.
2022-11-07 14:27:46.497  INFO 55996 --- [restartedMain] c.y.c.m.MyCommunityApplication           : Starting MyCommunityApplication on LAPTOP-N7A9SVGH with PID 55996 (D:\myfile\Java\MyCommunity\target\classes started by yyw in D:\myfile\Java\MyCommunity)
2022-11-07 14:27:46.509  INFO 55996 --- [restartedMain] c.y.c.m.MyCommunityApplication           : No active profile set, falling back to default profiles: default
2022-11-07 14:27:46.625  INFO 55996 --- [restartedMain] .e.DevToolsPropertyDefaultsPostProcessor : Devtools property defaults active! Set 'spring.devtools.add-properties' to 'false' to disable
2022-11-07 14:27:46.626  INFO 55996 --- [restartedMain] .e.DevToolsPropertyDefaultsPostProcessor : For additional web related logging consider setting the 'logging.level.web' property to 'DEBUG'
2022-11-07 14:27:48.750  INFO 55996 --- [restartedMain] o.s.b.w.embedded.tomcat.TomcatWebServer  : Tomcat initialized with port(s): 8080 (http)
2022-11-07 14:27:48.761  INFO 55996 --- [restartedMain] o.apache.catalina.core.StandardService   : Starting service [Tomcat]
2022-11-07 14:27:48.761  INFO 55996 --- [restartedMain] org.apache.catalina.core.StandardEngine  : Starting Servlet engine: [Apache Tomcat/9.0.41]
2022-11-07 14:27:48.875  INFO 55996 --- [restartedMain] o.a.c.c.C.[Tomcat].[localhost].[/]       : Initializing Spring embedded WebApplicationContext
2022-11-07 14:27:48.875  INFO 55996 --- [restartedMain] w.s.c.ServletWebServerApplicationContext : Root WebApplicationContext: initialization completed in 2247 ms
2022-11-07 14:27:49.510  INFO 55996 --- [restartedMain] o.s.s.concurrent.ThreadPoolTaskExecutor  : Initializing ExecutorService 'applicationTaskExecutor'
2022-11-07 14:27:49.571  INFO 55996 --- [restartedMain] o.s.b.a.w.s.WelcomePageHandlerMapping    : Adding welcome page template: index
2022-11-07 14:27:49.676  INFO 55996 --- [restartedMain] o.s.s.c.ThreadPoolTaskScheduler          : Initializing ExecutorService 'taskScheduler'
2022-11-07 14:27:49.808  INFO 55996 --- [restartedMain] o.s.b.d.a.OptionalLiveReloadServer       : LiveReload server is running on port 35729
2022-11-07 14:27:49.879  INFO 55996 --- [restartedMain] o.s.b.w.embedded.tomcat.TomcatWebServer  : Tomcat started on port(s): 8080 (http) with context path ''
2022-11-07 14:27:49.893  INFO 55996 --- [restartedMain] c.y.c.m.MyCommunityApplication           : Started MyCommunityApplication in 4.411 seconds (JVM running for 5.89)
2022-11-07 14:27:49.918  INFO 55996 --- [scheduling-1] com.zaxxer.hikari.HikariDataSource       : HikariPool-1 - Starting...
2022-11-07 14:27:50.192  INFO 55996 --- [scheduling-1] com.zaxxer.hikari.HikariDataSource       : HikariPool-1 - Start completed.
2022-11-07 14:27:51.975  INFO 55996 --- [http-nio-8080-exec-1] o.a.c.c.C.[Tomcat].[localhost].[/]       : Initializing Spring DispatcherServlet 'dispatcherServlet'
2022-11-07 14:27:51.975  INFO 55996 --- [http-nio-8080-exec-1] o.s.web.servlet.DispatcherServlet        : Initializing Servlet 'dispatcherServlet'
2022-11-07 14:27:51.981  INFO 55996 --- [http-nio-8080-exec-1] o.s.web.servlet.DispatcherServlet        : Completed initialization in 6 ms
2022-11-07 14:35:45.935  INFO 26428 --- [restartedMain] c.y.c.m.MyCommunityApplication           : Starting MyCommunityApplication on LAPTOP-N7A9SVGH with PID 26428 (D:\myfile\Java\MyCommunity\target\classes started by yyw in D:\myfile\Java\MyCommunity)
2022-11-07 14:35:45.940  INFO 26428 --- [restartedMain] c.y.c.m.MyCommunityApplication           : No active profile set, falling back to default profiles: default
2022-11-07 14:35:46.032  INFO 26428 --- [restartedMain] .e.DevToolsPropertyDefaultsPostProcessor : Devtools property defaults active! Set 'spring.devtools.add-properties' to 'false' to disable
2022-11-07 14:35:46.033  INFO 26428 --- [restartedMain] .e.DevToolsPropertyDefaultsPostProcessor : For additional web related logging consider setting the 'logging.level.web' property to 'DEBUG'
2022-11-07 14:35:47.777  INFO 26428 --- [restartedMain] o.s.b.w.embedded.tomcat.TomcatWebServer  : Tomcat initialized with port(s): 8080 (http)
2022-11-07 14:35:47.790  INFO 26428 --- [restartedMain] o.apache.catalina.core.StandardService   : Starting service [Tomcat]
2022-11-07 14:35:47.790  INFO 26428 --- [restartedMain] org.apache.catalina.core.StandardEngine  : Starting Servlet engine: [Apache Tomcat/9.0.41]
2022-11-07 14:35:47.904  INFO 26428 --- [restartedMain] o.a.c.c.C.[Tomcat].[localhost].[/]       : Initializing Spring embedded WebApplicationContext
2022-11-07 14:35:47.905  INFO 26428 --- [restartedMain] w.s.c.ServletWebServerApplicationContext : Root WebApplicationContext: initialization completed in 1871 ms
2022-11-07 14:35:48.494  INFO 26428 --- [restartedMain] o.s.s.concurrent.ThreadPoolTaskExecutor  : Initializing ExecutorService 'applicationTaskExecutor'
2022-11-07 14:35:48.546  INFO 26428 --- [restartedMain] o.s.b.a.w.s.WelcomePageHandlerMapping    : Adding welcome page template: index
2022-11-07 14:35:48.636  INFO 26428 --- [restartedMain] o.s.s.c.ThreadPoolTaskScheduler          : Initializing ExecutorService 'taskScheduler'
2022-11-07 14:35:48.747  INFO 26428 --- [restartedMain] o.s.b.d.a.OptionalLiveReloadServer       : LiveReload server is running on port 35729
2022-11-07 14:35:48.813  INFO 26428 --- [restartedMain] o.s.b.w.embedded.tomcat.TomcatWebServer  : Tomcat started on port(s): 8080 (http) with context path ''
2022-11-07 14:35:48.826  INFO 26428 --- [restartedMain] c.y.c.m.MyCommunityApplication           : Started MyCommunityApplication in 3.357 seconds (JVM running for 4.879)
2022-11-07 14:35:48.851  INFO 26428 --- [scheduling-1] com.zaxxer.hikari.HikariDataSource       : HikariPool-1 - Starting...
2022-11-07 14:35:49.145  INFO 26428 --- [scheduling-1] com.zaxxer.hikari.HikariDataSource       : HikariPool-1 - Start completed.
2022-11-07 14:35:57.034  INFO 26428 --- [http-nio-8080-exec-1] o.a.c.c.C.[Tomcat].[localhost].[/]       : Initializing Spring DispatcherServlet 'dispatcherServlet'
2022-11-07 14:35:57.035  INFO 26428 --- [http-nio-8080-exec-1] o.s.web.servlet.DispatcherServlet        : Initializing Servlet 'dispatcherServlet'
2022-11-07 14:35:57.039  INFO 26428 --- [http-nio-8080-exec-1] o.s.web.servlet.DispatcherServlet        : Completed initialization in 4 ms
2022-11-07 14:39:23.092  INFO 58224 --- [restartedMain] c.y.c.m.MyCommunityApplication           : Starting MyCommunityApplication on LAPTOP-N7A9SVGH with PID 58224 (D:\myfile\Java\MyCommunity\target\classes started by yyw in D:\myfile\Java\MyCommunity)
2022-11-07 14:39:23.097  INFO 58224 --- [restartedMain] c.y.c.m.MyCommunityApplication           : No active profile set, falling back to default profiles: default
2022-11-07 14:39:23.183  INFO 58224 --- [restartedMain] .e.DevToolsPropertyDefaultsPostProcessor : Devtools property defaults active! Set 'spring.devtools.add-properties' to 'false' to disable
2022-11-07 14:39:23.183  INFO 58224 --- [restartedMain] .e.DevToolsPropertyDefaultsPostProcessor : For additional web related logging consider setting the 'logging.level.web' property to 'DEBUG'
2022-11-07 14:39:25.434  INFO 58224 --- [restartedMain] o.s.b.w.embedded.tomcat.TomcatWebServer  : Tomcat initialized with port(s): 8080 (http)
2022-11-07 14:39:25.455  INFO 58224 --- [restartedMain] o.apache.catalina.core.StandardService   : Starting service [Tomcat]
2022-11-07 14:39:25.457  INFO 58224 --- [restartedMain] org.apache.catalina.core.StandardEngine  : Starting Servlet engine: [Apache Tomcat/9.0.41]
2022-11-07 14:39:25.704  INFO 58224 --- [restartedMain] o.a.c.c.C.[Tomcat].[localhost].[/]       : Initializing Spring embedded WebApplicationContext
2022-11-07 14:39:25.705  INFO 58224 --- [restartedMain] w.s.c.ServletWebServerApplicationContext : Root WebApplicationContext: initialization completed in 2521 ms
2022-11-07 14:39:26.468  INFO 58224 --- [restartedMain] o.s.s.concurrent.ThreadPoolTaskExecutor  : Initializing ExecutorService 'applicationTaskExecutor'
2022-11-07 14:39:26.523  INFO 58224 --- [restartedMain] o.s.b.a.w.s.WelcomePageHandlerMapping    : Adding welcome page template: index
2022-11-07 14:39:26.607  INFO 58224 --- [restartedMain] o.s.s.c.ThreadPoolTaskScheduler          : Initializing ExecutorService 'taskScheduler'
2022-11-07 14:39:26.714  INFO 58224 --- [restartedMain] o.s.b.d.a.OptionalLiveReloadServer       : LiveReload server is running on port 35729
2022-11-07 14:39:26.774  INFO 58224 --- [restartedMain] o.s.b.w.embedded.tomcat.TomcatWebServer  : Tomcat started on port(s): 8080 (http) with context path ''
2022-11-07 14:39:26.786  INFO 58224 --- [restartedMain] c.y.c.m.MyCommunityApplication           : Started MyCommunityApplication in 4.68 seconds (JVM running for 6.304)
2022-11-07 14:39:26.808  INFO 58224 --- [scheduling-1] com.zaxxer.hikari.HikariDataSource       : HikariPool-1 - Starting...
2022-11-07 14:39:26.997  INFO 58224 --- [http-nio-8080-exec-1] o.a.c.c.C.[Tomcat].[localhost].[/]       : Initializing Spring DispatcherServlet 'dispatcherServlet'
2022-11-07 14:39:26.998  INFO 58224 --- [http-nio-8080-exec-1] o.s.web.servlet.DispatcherServlet        : Initializing Servlet 'dispatcherServlet'
2022-11-07 14:39:27.003  INFO 58224 --- [http-nio-8080-exec-1] o.s.web.servlet.DispatcherServlet        : Completed initialization in 5 ms
2022-11-07 14:39:27.120  INFO 58224 --- [scheduling-1] com.zaxxer.hikari.HikariDataSource       : HikariPool-1 - Start completed.
